[debug] [2023-11-16T21:21:25.785Z] ----------------------------------------------------------------------
[debug] [2023-11-16T21:21:25.786Z] Command:       /Users/nick/.nvm/versions/node/v16.18.0/bin/node /Users/nick/.nvm/versions/node/v16.18.0/bin/firebase emulators:exec --project=demo-quizboyinc --import=data --export-on-exit --ui ng serve --c=development
[debug] [2023-11-16T21:21:25.786Z] CLI Version:   12.5.4
[debug] [2023-11-16T21:21:25.787Z] Platform:      darwin
[debug] [2023-11-16T21:21:25.787Z] Node Version:  v16.18.0
[debug] [2023-11-16T21:21:25.787Z] Time:          Thu Nov 16 2023 21:21:25 GMT+0000 (Greenwich Mean Time)
[debug] [2023-11-16T21:21:25.788Z] ----------------------------------------------------------------------
[debug] 
[debug] [2023-11-16T21:21:25.830Z] > command requires scopes: ["email","openid","https://www.googleapis.com/auth/cloudplatformprojects.readonly","https://www.googleapis.com/auth/firebase","https://www.googleapis.com/auth/cloud-platform"]
[debug] [2023-11-16T21:21:25.830Z] > authorizing via signed-in user (nick.horta@islacare.co.uk)
[debug] [2023-11-16T21:21:25.873Z] java version "19.0.1" 2022-10-18

[debug] [2023-11-16T21:21:25.874Z] Java(TM) SE Runtime Environment (build 19.0.1+10-21)
Java HotSpot(TM) 64-Bit Server VM (build 19.0.1+10-21, mixed mode, sharing)

[debug] [2023-11-16T21:21:25.876Z] Parsed Java major version: 19
[info] i  emulators: Starting emulators: auth, functions, firestore {"metadata":{"emulator":{"name":"hub"},"message":"Starting emulators: auth, functions, firestore"}}
[info] i  emulators: Detected demo project ID "demo-quizboyinc", emulated services will use a demo configuration and attempts to access non-emulated services for this project will fail. {"metadata":{"emulator":{"name":"hub"},"message":"Detected demo project ID \"demo-quizboyinc\", emulated services will use a demo configuration and attempts to access non-emulated services for this project will fail."}}
[debug] [2023-11-16T21:21:26.704Z] [logging] Logging Emulator only supports listening on one address (127.0.0.1). Not listening on ::1
[debug] [2023-11-16T21:21:26.704Z] [auth] Authentication Emulator only supports listening on one address (127.0.0.1). Not listening on ::1
[debug] [2023-11-16T21:21:26.704Z] [firestore] Firestore Emulator only supports listening on one address (127.0.0.1). Not listening on ::1
[debug] [2023-11-16T21:21:26.704Z] [firestore.websocket] websocket server for firestore only supports listening on one address (127.0.0.1). Not listening on ::1
[debug] [2023-11-16T21:21:26.704Z] assigned listening specs for emulators {"user":{"hub":[{"address":"127.0.0.1","family":"IPv4","port":4400},{"address":"::1","family":"IPv6","port":4400}],"ui":[{"address":"127.0.0.1","family":"IPv4","port":4000},{"address":"::1","family":"IPv6","port":4000}],"logging":[{"address":"127.0.0.1","family":"IPv4","port":4500}],"auth":[{"address":"127.0.0.1","family":"IPv4","port":9099}],"firestore":[{"address":"127.0.0.1","family":"IPv4","port":8080}],"firestore.websocket":[{"address":"127.0.0.1","family":"IPv4","port":9150}]},"metadata":{"message":"assigned listening specs for emulators"}}
[debug] [2023-11-16T21:21:26.709Z] [hub] writing locator at /var/folders/rh/4phlb20x7mg8rmyytdb26mdm0000gn/T/hub-demo-quizboyinc.json
[debug] [2023-11-16T21:21:26.988Z] [functions] Functions Emulator only supports listening on one address (127.0.0.1). Not listening on ::1
[debug] [2023-11-16T21:21:26.988Z] [eventarc] Eventarc Emulator only supports listening on one address (127.0.0.1). Not listening on ::1
[debug] [2023-11-16T21:21:26.988Z] late-assigned ports for functions and eventarc emulators {"user":{"hub":[{"address":"127.0.0.1","family":"IPv4","port":4400},{"address":"::1","family":"IPv6","port":4400}],"ui":[{"address":"127.0.0.1","family":"IPv4","port":4000},{"address":"::1","family":"IPv6","port":4000}],"logging":[{"address":"127.0.0.1","family":"IPv4","port":4500}],"auth":[{"address":"127.0.0.1","family":"IPv4","port":9099}],"firestore":[{"address":"127.0.0.1","family":"IPv4","port":8080}],"firestore.websocket":[{"address":"127.0.0.1","family":"IPv4","port":9150}],"functions":[{"address":"127.0.0.1","family":"IPv4","port":5001}],"eventarc":[{"address":"127.0.0.1","family":"IPv4","port":9299}]},"metadata":{"message":"late-assigned ports for functions and eventarc emulators"}}
[debug] [2023-11-16T21:21:26.990Z] defaultcredentials: writing to file /Users/nick/.config/firebase/nick_horta_islacare.co.uk_application_default_credentials.json
[debug] [2023-11-16T21:21:26.992Z] Setting GAC to /Users/nick/.config/firebase/nick_horta_islacare.co.uk_application_default_credentials.json {"metadata":{"emulator":{"name":"functions"},"message":"Setting GAC to /Users/nick/.config/firebase/nick_horta_islacare.co.uk_application_default_credentials.json"}}
[info] i  firestore: Importing data from /Users/nick/Desktop/Quiz/data/firestore_export/firestore_export.overall_export_metadata {"metadata":{"emulator":{"name":"firestore"},"message":"Importing data from /Users/nick/Desktop/Quiz/data/firestore_export/firestore_export.overall_export_metadata"}}
[debug] [2023-11-16T21:21:26.997Z] Ignoring unsupported arg: auto_download {"metadata":{"emulator":{"name":"firestore"},"message":"Ignoring unsupported arg: auto_download"}}
[debug] [2023-11-16T21:21:26.997Z] Ignoring unsupported arg: single_project_mode_error {"metadata":{"emulator":{"name":"firestore"},"message":"Ignoring unsupported arg: single_project_mode_error"}}
[debug] [2023-11-16T21:21:26.997Z] Starting Firestore Emulator with command {"binary":"java","args":["-Dgoogle.cloud_firestore.debug_log_level=FINE","-Duser.language=en","-jar","/Users/nick/.cache/firebase/emulators/cloud-firestore-emulator-v1.18.2.jar","--host","127.0.0.1","--port",8080,"--websocket_port",9150,"--project_id","demo-quizboyinc","--seed_from_export","/Users/nick/Desktop/Quiz/data/firestore_export/firestore_export.overall_export_metadata","--rules","/Users/nick/Desktop/Quiz/firestore.rules","--single_project_mode",true,"--functions_emulator","127.0.0.1:5001"],"optionalArgs":["port","webchannel_port","host","rules","websocket_port","functions_emulator","seed_from_export","project_id","single_project_mode"],"joinArgs":false} {"metadata":{"emulator":{"name":"firestore"},"message":"Starting Firestore Emulator with command {\"binary\":\"java\",\"args\":[\"-Dgoogle.cloud_firestore.debug_log_level=FINE\",\"-Duser.language=en\",\"-jar\",\"/Users/nick/.cache/firebase/emulators/cloud-firestore-emulator-v1.18.2.jar\",\"--host\",\"127.0.0.1\",\"--port\",8080,\"--websocket_port\",9150,\"--project_id\",\"demo-quizboyinc\",\"--seed_from_export\",\"/Users/nick/Desktop/Quiz/data/firestore_export/firestore_export.overall_export_metadata\",\"--rules\",\"/Users/nick/Desktop/Quiz/firestore.rules\",\"--single_project_mode\",true,\"--functions_emulator\",\"127.0.0.1:5001\"],\"optionalArgs\":[\"port\",\"webchannel_port\",\"host\",\"rules\",\"websocket_port\",\"functions_emulator\",\"seed_from_export\",\"project_id\",\"single_project_mode\"],\"joinArgs\":false}"}}
[info] i  firestore: Firestore Emulator logging to firestore-debug.log {"metadata":{"emulator":{"name":"firestore"},"message":"Firestore Emulator logging to \u001b[1mfirestore-debug.log\u001b[22m"}}
[debug] [2023-11-16T21:21:27.538Z] Nov 16, 2023 9:21:27 PM com.google.cloud.datastore.emulator.firestore.websocket.WebSocketServer start
INFO: Started WebSocket server on ws://127.0.0.1:9150
 {"metadata":{"emulator":{"name":"firestore"},"message":"Nov 16, 2023 9:21:27 PM com.google.cloud.datastore.emulator.firestore.websocket.WebSocketServer start\nINFO: Started WebSocket server on ws://127.0.0.1:9150\n"}}
[debug] [2023-11-16T21:21:27.550Z] API endpoint: http://127.0.0.1:8080
 {"metadata":{"emulator":{"name":"firestore"},"message":"API endpoint: http://127.0.0.1:8080\n"}}
[debug] [2023-11-16T21:21:27.550Z] If you are using a library that supports the FIRESTORE_EMULATOR_HOST environment variable, run:

   export FIRESTORE_EMULATOR_HOST=127.0.0.1:8080

Dev App Server is now running.

 {"metadata":{"emulator":{"name":"firestore"},"message":"If you are using a library that supports the FIRESTORE_EMULATOR_HOST environment variable, run:\n\n   export FIRESTORE_EMULATOR_HOST=127.0.0.1:8080\n\nDev App Server is now running.\n\n"}}
[info] ✔  firestore: Firestore Emulator UI websocket is running on 9150. {"metadata":{"emulator":{"name":"firestore"},"message":"Firestore Emulator UI websocket is running on 9150."}}
[debug] [2023-11-16T21:21:30.812Z] Nov 16, 2023 9:21:30 PM io.gapi.emulators.netty.HttpVersionRoutingHandler channelRead
INFO: Detected non-HTTP/2 connection.
Nov 16, 2023 9:21:30 PM io.gapi.emulators.netty.HttpVersionRoutingHandler channelRead
INFO: Detected non-HTTP/2 connection.
 {"metadata":{"emulator":{"name":"firestore"},"message":"Nov 16, 2023 9:21:30 PM io.gapi.emulators.netty.HttpVersionRoutingHandler channelRead\nINFO: Detected non-HTTP/2 connection.\nNov 16, 2023 9:21:30 PM io.gapi.emulators.netty.HttpVersionRoutingHandler channelRead\nINFO: Detected non-HTTP/2 connection.\n"}}
[info] i  auth: Importing config from /Users/nick/Desktop/Quiz/data/auth_export/config.json {"metadata":{"emulator":{"name":"auth"},"message":"Importing config from /Users/nick/Desktop/Quiz/data/auth_export/config.json"}}
[info] i  auth: Importing accounts from /Users/nick/Desktop/Quiz/data/auth_export/accounts.json {"metadata":{"emulator":{"name":"auth"},"message":"Importing accounts from /Users/nick/Desktop/Quiz/data/auth_export/accounts.json"}}
[debug] [2023-11-16T21:21:30.842Z] Ignoring unsupported arg: auto_download {"metadata":{"emulator":{"name":"ui"},"message":"Ignoring unsupported arg: auto_download"}}
[debug] [2023-11-16T21:21:30.842Z] Ignoring unsupported arg: port {"metadata":{"emulator":{"name":"ui"},"message":"Ignoring unsupported arg: port"}}
[debug] [2023-11-16T21:21:30.842Z] Starting Emulator UI with command {"binary":"node","args":["/Users/nick/.cache/firebase/emulators/ui-v1.11.7/server/server.js"],"optionalArgs":[],"joinArgs":false} {"metadata":{"emulator":{"name":"ui"},"message":"Starting Emulator UI with command {\"binary\":\"node\",\"args\":[\"/Users/nick/.cache/firebase/emulators/ui-v1.11.7/server/server.js\"],\"optionalArgs\":[],\"joinArgs\":false}"}}
[info] i  ui: Emulator UI logging to ui-debug.log {"metadata":{"emulator":{"name":"ui"},"message":"Emulator UI logging to \u001b[1mui-debug.log\u001b[22m"}}
[debug] [2023-11-16T21:21:30.913Z] Web / API server started at 127.0.0.1:4000
 {"metadata":{"emulator":{"name":"ui"},"message":"Web / API server started at 127.0.0.1:4000\n"}}
[debug] [2023-11-16T21:21:30.913Z] Web / API server started at ::1:4000
 {"metadata":{"emulator":{"name":"ui"},"message":"Web / API server started at ::1:4000\n"}}
[debug] [2023-11-16T21:21:30.941Z] Nov 16, 2023 9:21:30 PM io.gapi.emulators.netty.HttpVersionRoutingHandler channelRead
INFO: Detected non-HTTP/2 connection.
 {"metadata":{"emulator":{"name":"firestore"},"message":"Nov 16, 2023 9:21:30 PM io.gapi.emulators.netty.HttpVersionRoutingHandler channelRead\nINFO: Detected non-HTTP/2 connection.\n"}}
[info] i  functions: Watching "/Users/nick/Desktop/Quiz/functions" for Cloud Functions... {"metadata":{"emulator":{"name":"functions"},"message":"Watching \"/Users/nick/Desktop/Quiz/functions\" for Cloud Functions..."}}
[debug] [2023-11-16T21:21:31.106Z] Validating nodejs source
[warn] ⚠  functions: package.json indicates an outdated version of firebase-functions. Please upgrade using npm install --save firebase-functions@latest in your functions directory. 
[debug] [2023-11-16T21:21:32.246Z] > [functions] package.json contents: {
  "name": "functions",
  "description": "Cloud Functions for Firebase",
  "scripts": {
    "lint": "eslint .",
    "serve": "firebase emulators:start --only functions",
    "shell": "firebase functions:shell",
    "start": "npm run shell",
    "deploy": "firebase deploy --only functions",
    "logs": "firebase functions:log"
  },
  "engines": {
    "node": "18"
  },
  "main": "index.js",
  "dependencies": {
    "firebase-admin": "^11.8.0",
    "firebase-functions": "^4.3.1"
  },
  "devDependencies": {
    "eslint": "^8.15.0",
    "eslint-config-google": "^0.14.0",
    "firebase-functions-test": "^3.1.0"
  },
  "private": true
}
[debug] [2023-11-16T21:21:32.246Z] Building nodejs source
[debug] [2023-11-16T21:21:32.247Z] Failed to find version of module node: reached end of search path /Users/nick/Desktop/Quiz/functions/node_modules
[warn] ⚠  functions: Your requested "node" version "18" doesn't match your global version "16". Using node@16 from host. 
[debug] [2023-11-16T21:21:32.248Z] Could not find functions.yaml. Must use http discovery
[debug] [2023-11-16T21:21:32.253Z] Found firebase-functions binary at '/Users/nick/Desktop/Quiz/functions/node_modules/.bin/firebase-functions'
[info] Serving at port 8470

[debug] [2023-11-16T21:21:32.465Z] Got response from /__/functions.yaml {"endpoints":{},"specVersion":"v1alpha1","requiredAPIs":[]}
[info] shutdown requested via /__/quitquitquit

[info] ✔  functions: Loaded functions definitions from source: . {"metadata":{"emulator":{"name":"functions"},"message":"Loaded functions definitions from source: ."}}
[info] i  Running script: ng serve --c=development 
[debug] [2023-11-16T21:21:32.477Z] Running ng serve --c=development with environment {"NVM_INC":"/Users/nick/.nvm/versions/node/v16.18.0/include/node","MANPATH":"/Users/nick/.nvm/versions/node/v16.18.0/share/man:/opt/homebrew/share/man:/usr/share/man:/usr/local/share/man:/Users/nick/.nvm/versions/node/v16.18.0/share/man:/opt/homebrew/share/man::","TERM_PROGRAM":"vscode","NODE":"/Users/nick/.nvm/versions/node/v16.18.0/bin/node","INIT_CWD":"/Users/nick/Desktop/Quiz","NVM_CD_FLAGS":"-q","TERM":"xterm-256color","SHELL":"/bin/zsh","npm_config_metrics_registry":"https://registry.npmjs.org/","HOMEBREW_REPOSITORY":"/opt/homebrew","TMPDIR":"/var/folders/rh/4phlb20x7mg8rmyytdb26mdm0000gn/T/","npm_config_global_prefix":"/Users/nick/.nvm/versions/node/v16.18.0","TERM_PROGRAM_VERSION":"1.84.1","ZDOTDIR":"/Users/nick","ORIGINAL_XDG_CURRENT_DESKTOP":"undefined","MallocNanoZone":"0","COLOR":"1","npm_config_noproxy":"","npm_config_local_prefix":"/Users/nick/Desktop/Quiz","ZSH":"/Users/nick/.oh-my-zsh","NVM_DIR":"/Users/nick/.nvm","USER":"nick","LS_COLORS":"di=1;36:ln=35:so=32:pi=33:ex=31:bd=34;46:cd=34;43:su=30;41:sg=30;46:tw=30;42:ow=30;43","COMMAND_MODE":"unix2003","npm_config_globalconfig":"/Users/nick/.nvm/versions/node/v16.18.0/etc/npmrc","SSH_AUTH_SOCK":"/private/tmp/com.apple.launchd.bqA71jq0uJ/Listeners","__CF_USER_TEXT_ENCODING":"0x1F5:0:2","npm_execpath":"/Users/nick/.nvm/versions/node/v16.18.0/lib/node_modules/npm/bin/npm-cli.js","PAGER":"less","LSCOLORS":"Gxfxcxdxbxegedabagacad","PATH":"/Users/nick/Desktop/Quiz/node_modules/.bin:/Users/nick/Desktop/node_modules/.bin:/Users/nick/node_modules/.bin:/Users/node_modules/.bin:/node_modules/.bin:/Users/nick/.nvm/versions/node/v16.18.0/lib/node_modules/npm/node_modules/@npmcli/run-script/lib/node-gyp-bin:/Users/nick/Library/Application Support/cloud-code/installer/google-cloud-sdk/bin:/Users/nick/.nvm/versions/node/v16.18.0/bin:/opt/homebrew/bin:/opt/homebrew/sbin:/usr/local/bin:/System/Cryptexes/App/usr/bin:/usr/bin:/bin:/usr/sbin:/sbin:/Library/Apple/usr/bin:/Users/nick/Library/Application Support/cloud-code/installer/google-cloud-sdk/bin:/Users/nick/.nvm/versions/node/v16.18.0/bin:/opt/homebrew/bin:/opt/homebrew/sbin:/Users/nick/Library/Application Support/JetBrains/Toolbox/scripts:/Users/nick/Library/Application Support/JetBrains/Toolbox/scripts","npm_package_json":"/Users/nick/Desktop/Quiz/package.json","_":"/Users/nick/.nvm/versions/node/v16.18.0/bin/firebase","npm_config_userconfig":"/Users/nick/.npmrc","npm_config_init_module":"/Users/nick/.npm-init.js","USER_ZDOTDIR":"/Users/nick","__CFBundleIdentifier":"com.microsoft.VSCode","npm_command":"run-script","PWD":"/Users/nick/Desktop/Quiz","npm_lifecycle_event":"quiz-em","EDITOR":"vi","npm_package_name":"quiz","LANG":"en_US.UTF-8","VSCODE_GIT_ASKPASS_EXTRA_ARGS":"--ms-enable-electron-run-as-node","XPC_FLAGS":"0x0","npm_config_node_gyp":"/Users/nick/.nvm/versions/node/v16.18.0/lib/node_modules/npm/node_modules/node-gyp/bin/node-gyp.js","npm_package_version":"0.0.0","XPC_SERVICE_NAME":"0","VSCODE_INJECTION":"1","SHLVL":"2","HOME":"/Users/nick","VSCODE_GIT_ASKPASS_MAIN":"/Applications/Visual Studio Code.app/Contents/Resources/app/extensions/git/dist/askpass-main.js","HOMEBREW_PREFIX":"/opt/homebrew","npm_config_cache":"/Users/nick/.npm","LESS":"-R","LOGNAME":"nick","npm_lifecycle_script":"firebase emulators:exec --project=demo-quizboyinc --import=data --export-on-exit --ui 'ng serve --c=development'","VSCODE_GIT_IPC_HANDLE":"/var/folders/rh/4phlb20x7mg8rmyytdb26mdm0000gn/T/vscode-git-6d60b781fb.sock","NVM_BIN":"/Users/nick/.nvm/versions/node/v16.18.0/bin","npm_config_user_agent":"npm/8.19.2 node/v16.18.0 darwin arm64 workspaces/false","VSCODE_GIT_ASKPASS_NODE":"/Applications/Visual Studio Code.app/Contents/Frameworks/Code Helper (Plugin).app/Contents/MacOS/Code Helper (Plugin)","GIT_ASKPASS":"/Applications/Visual Studio Code.app/Contents/Resources/app/extensions/git/dist/askpass.sh","INFOPATH":"/opt/homebrew/share/info:/opt/homebrew/share/info:","HOMEBREW_CELLAR":"/opt/homebrew/Cellar","npm_node_execpath":"/Users/nick/.nvm/versions/node/v16.18.0/bin/node","npm_config_prefix":"/Users/nick/.nvm/versions/node/v16.18.0","COLORTERM":"truecolor","IS_FIREBASE_CLI":"true","GCLOUD_PROJECT":"demo-quizboyinc","FIREBASE_CONFIG":"{\"projectId\":\"demo-quizboyinc\",\"storageBucket\":\"demo-quizboyinc.appspot.com\",\"databaseURL\":\"https://demo-quizboyinc.firebaseio.com\"}","FIREBASE_EMULATOR_HUB":"127.0.0.1:4400","FIREBASE_AUTH_EMULATOR_HOST":"127.0.0.1:9099","FIRESTORE_EMULATOR_HOST":"127.0.0.1:8080","FIREBASE_FIRESTORE_EMULATOR_ADDRESS":"127.0.0.1:8080","CLOUD_EVENTARC_EMULATOR_HOST":"http://127.0.0.1:9299"}
[debug] [2023-11-16T21:21:35.504Z] Nov 16, 2023 9:21:35 PM io.gapi.emulators.netty.HttpVersionRoutingHandler channelRead
INFO: Detected non-HTTP/2 connection.
 {"metadata":{"emulator":{"name":"firestore"},"message":"Nov 16, 2023 9:21:35 PM io.gapi.emulators.netty.HttpVersionRoutingHandler channelRead\nINFO: Detected non-HTTP/2 connection.\n"}}
[debug] [2023-11-16T21:21:35.515Z] Nov 16, 2023 9:21:35 PM io.gapi.emulators.netty.HttpVersionRoutingHandler channelRead
INFO: Detected non-HTTP/2 connection.
 {"metadata":{"emulator":{"name":"firestore"},"message":"Nov 16, 2023 9:21:35 PM io.gapi.emulators.netty.HttpVersionRoutingHandler channelRead\nINFO: Detected non-HTTP/2 connection.\n"}}
[debug] [2023-11-16T21:21:35.596Z] Nov 16, 2023 9:21:35 PM io.gapi.emulators.netty.HttpVersionRoutingHandler channelRead
INFO: Detected non-HTTP/2 connection.
 {"metadata":{"emulator":{"name":"firestore"},"message":"Nov 16, 2023 9:21:35 PM io.gapi.emulators.netty.HttpVersionRoutingHandler channelRead\nINFO: Detected non-HTTP/2 connection.\n"}}
[debug] [2023-11-16T21:22:22.658Z] Nov 16, 2023 9:22:22 PM com.google.cloud.datastore.emulator.firestore.websocket.WebSocketChannelHandler initChannel
INFO: Connected to new websocket client
 {"metadata":{"emulator":{"name":"firestore"},"message":"Nov 16, 2023 9:22:22 PM com.google.cloud.datastore.emulator.firestore.websocket.WebSocketChannelHandler initChannel\nINFO: Connected to new websocket client\n"}}
[debug] [2023-11-16T21:22:29.057Z] Nov 16, 2023 9:22:29 PM io.gapi.emulators.netty.HttpVersionRoutingHandler channelRead
INFO: Detected non-HTTP/2 connection.
 {"metadata":{"emulator":{"name":"firestore"},"message":"Nov 16, 2023 9:22:29 PM io.gapi.emulators.netty.HttpVersionRoutingHandler channelRead\nINFO: Detected non-HTTP/2 connection.\n"}}
[debug] [2023-11-16T21:22:29.080Z] Nov 16, 2023 9:22:29 PM io.gapi.emulators.netty.HttpVersionRoutingHandler channelRead
INFO: Detected non-HTTP/2 connection.
 {"metadata":{"emulator":{"name":"firestore"},"message":"Nov 16, 2023 9:22:29 PM io.gapi.emulators.netty.HttpVersionRoutingHandler channelRead\nINFO: Detected non-HTTP/2 connection.\n"}}
[debug] [2023-11-16T21:22:30.973Z] Nov 16, 2023 9:22:30 PM io.gapi.emulators.netty.HttpVersionRoutingHandler channelRead
INFO: Detected non-HTTP/2 connection.
 {"metadata":{"emulator":{"name":"firestore"},"message":"Nov 16, 2023 9:22:30 PM io.gapi.emulators.netty.HttpVersionRoutingHandler channelRead\nINFO: Detected non-HTTP/2 connection.\n"}}
[debug] [2023-11-16T21:22:47.344Z] Nov 16, 2023 9:22:47 PM io.gapi.emulators.netty.HttpVersionRoutingHandler channelRead
INFO: Detected non-HTTP/2 connection.
 {"metadata":{"emulator":{"name":"firestore"},"message":"Nov 16, 2023 9:22:47 PM io.gapi.emulators.netty.HttpVersionRoutingHandler channelRead\nINFO: Detected non-HTTP/2 connection.\n"}}
[debug] [2023-11-16T21:22:48.361Z] Nov 16, 2023 9:22:48 PM io.gapi.emulators.netty.HttpVersionRoutingHandler channelRead
INFO: Detected non-HTTP/2 connection.
 {"metadata":{"emulator":{"name":"firestore"},"message":"Nov 16, 2023 9:22:48 PM io.gapi.emulators.netty.HttpVersionRoutingHandler channelRead\nINFO: Detected non-HTTP/2 connection.\n"}}
[debug] [2023-11-16T21:22:49.156Z] Nov 16, 2023 9:22:49 PM io.gapi.emulators.netty.HttpVersionRoutingHandler channelRead
INFO: Detected non-HTTP/2 connection.
 {"metadata":{"emulator":{"name":"firestore"},"message":"Nov 16, 2023 9:22:49 PM io.gapi.emulators.netty.HttpVersionRoutingHandler channelRead\nINFO: Detected non-HTTP/2 connection.\n"}}
[debug] [2023-11-16T21:22:55.031Z] Nov 16, 2023 9:22:55 PM io.gapi.emulators.netty.HttpVersionRoutingHandler channelRead
INFO: Detected non-HTTP/2 connection.
 {"metadata":{"emulator":{"name":"firestore"},"message":"Nov 16, 2023 9:22:55 PM io.gapi.emulators.netty.HttpVersionRoutingHandler channelRead\nINFO: Detected non-HTTP/2 connection.\n"}}
[debug] [2023-11-16T21:23:25.070Z] Nov 16, 2023 9:23:25 PM io.gapi.emulators.netty.HttpVersionRoutingHandler channelRead
INFO: Detected non-HTTP/2 connection.
 {"metadata":{"emulator":{"name":"firestore"},"message":"Nov 16, 2023 9:23:25 PM io.gapi.emulators.netty.HttpVersionRoutingHandler channelRead\nINFO: Detected non-HTTP/2 connection.\n"}}
[debug] [2023-11-16T21:23:31.002Z] Nov 16, 2023 9:23:31 PM io.gapi.emulators.netty.HttpVersionRoutingHandler channelRead
INFO: Detected non-HTTP/2 connection.
 {"metadata":{"emulator":{"name":"firestore"},"message":"Nov 16, 2023 9:23:31 PM io.gapi.emulators.netty.HttpVersionRoutingHandler channelRead\nINFO: Detected non-HTTP/2 connection.\n"}}
[debug] [2023-11-16T21:23:36.608Z] Nov 16, 2023 9:23:36 PM io.gapi.emulators.netty.HttpVersionRoutingHandler channelRead
INFO: Detected non-HTTP/2 connection.
 {"metadata":{"emulator":{"name":"firestore"},"message":"Nov 16, 2023 9:23:36 PM io.gapi.emulators.netty.HttpVersionRoutingHandler channelRead\nINFO: Detected non-HTTP/2 connection.\n"}}
[debug] [2023-11-16T21:23:37.633Z] Nov 16, 2023 9:23:37 PM io.gapi.emulators.netty.HttpVersionRoutingHandler channelRead
INFO: Detected non-HTTP/2 connection.
 {"metadata":{"emulator":{"name":"firestore"},"message":"Nov 16, 2023 9:23:37 PM io.gapi.emulators.netty.HttpVersionRoutingHandler channelRead\nINFO: Detected non-HTTP/2 connection.\n"}}
[debug] [2023-11-16T21:23:39.840Z] Nov 16, 2023 9:23:39 PM io.gapi.emulators.netty.HttpVersionRoutingHandler channelRead
INFO: Detected non-HTTP/2 connection.
 {"metadata":{"emulator":{"name":"firestore"},"message":"Nov 16, 2023 9:23:39 PM io.gapi.emulators.netty.HttpVersionRoutingHandler channelRead\nINFO: Detected non-HTTP/2 connection.\n"}}
[debug] [2023-11-16T21:23:39.849Z] Nov 16, 2023 9:23:39 PM io.gapi.emulators.netty.HttpVersionRoutingHandler channelRead
INFO: Detected non-HTTP/2 connection.
 {"metadata":{"emulator":{"name":"firestore"},"message":"Nov 16, 2023 9:23:39 PM io.gapi.emulators.netty.HttpVersionRoutingHandler channelRead\nINFO: Detected non-HTTP/2 connection.\n"}}
[debug] [2023-11-16T21:24:18.688Z] Nov 16, 2023 9:24:18 PM io.gapi.emulators.netty.HttpVersionRoutingHandler channelRead
INFO: Detected non-HTTP/2 connection.
 {"metadata":{"emulator":{"name":"firestore"},"message":"Nov 16, 2023 9:24:18 PM io.gapi.emulators.netty.HttpVersionRoutingHandler channelRead\nINFO: Detected non-HTTP/2 connection.\n"}}
[debug] [2023-11-16T21:24:18.715Z] Nov 16, 2023 9:24:18 PM io.gapi.emulators.netty.HttpVersionRoutingHandler channelRead
INFO: Detected non-HTTP/2 connection.
 {"metadata":{"emulator":{"name":"firestore"},"message":"Nov 16, 2023 9:24:18 PM io.gapi.emulators.netty.HttpVersionRoutingHandler channelRead\nINFO: Detected non-HTTP/2 connection.\n"}}
[debug] [2023-11-16T21:24:27.033Z] Nov 16, 2023 9:24:27 PM io.gapi.emulators.netty.HttpVersionRoutingHandler channelRead
INFO: Detected non-HTTP/2 connection.
 {"metadata":{"emulator":{"name":"firestore"},"message":"Nov 16, 2023 9:24:27 PM io.gapi.emulators.netty.HttpVersionRoutingHandler channelRead\nINFO: Detected non-HTTP/2 connection.\n"}}
[debug] [2023-11-16T21:24:27.044Z] Nov 16, 2023 9:24:27 PM io.gapi.emulators.netty.HttpVersionRoutingHandler channelRead
INFO: Detected non-HTTP/2 connection.
 {"metadata":{"emulator":{"name":"firestore"},"message":"Nov 16, 2023 9:24:27 PM io.gapi.emulators.netty.HttpVersionRoutingHandler channelRead\nINFO: Detected non-HTTP/2 connection.\n"}}
[debug] [2023-11-16T21:24:29.627Z] Nov 16, 2023 9:24:29 PM io.gapi.emulators.netty.HttpVersionRoutingHandler channelRead
INFO: Detected non-HTTP/2 connection.
 {"metadata":{"emulator":{"name":"firestore"},"message":"Nov 16, 2023 9:24:29 PM io.gapi.emulators.netty.HttpVersionRoutingHandler channelRead\nINFO: Detected non-HTTP/2 connection.\n"}}
[debug] [2023-11-16T21:24:31.026Z] Nov 16, 2023 9:24:31 PM io.gapi.emulators.netty.HttpVersionRoutingHandler channelRead
INFO: Detected non-HTTP/2 connection.
 {"metadata":{"emulator":{"name":"firestore"},"message":"Nov 16, 2023 9:24:31 PM io.gapi.emulators.netty.HttpVersionRoutingHandler channelRead\nINFO: Detected non-HTTP/2 connection.\n"}}
[debug] [2023-11-16T21:25:04.589Z] Nov 16, 2023 9:25:04 PM io.gapi.emulators.netty.HttpVersionRoutingHandler channelRead
INFO: Detected non-HTTP/2 connection.
 {"metadata":{"emulator":{"name":"firestore"},"message":"Nov 16, 2023 9:25:04 PM io.gapi.emulators.netty.HttpVersionRoutingHandler channelRead\nINFO: Detected non-HTTP/2 connection.\n"}}
[debug] [2023-11-16T21:25:04.661Z] Nov 16, 2023 9:25:04 PM io.gapi.emulators.netty.HttpVersionRoutingHandler channelRead
INFO: Detected non-HTTP/2 connection.
 {"metadata":{"emulator":{"name":"firestore"},"message":"Nov 16, 2023 9:25:04 PM io.gapi.emulators.netty.HttpVersionRoutingHandler channelRead\nINFO: Detected non-HTTP/2 connection.\n"}}
[debug] [2023-11-16T21:25:05.858Z] Nov 16, 2023 9:25:05 PM io.gapi.emulators.netty.HttpVersionRoutingHandler channelRead
INFO: Detected non-HTTP/2 connection.
 {"metadata":{"emulator":{"name":"firestore"},"message":"Nov 16, 2023 9:25:05 PM io.gapi.emulators.netty.HttpVersionRoutingHandler channelRead\nINFO: Detected non-HTTP/2 connection.\n"}}
[debug] [2023-11-16T21:25:05.875Z] Nov 16, 2023 9:25:05 PM io.gapi.emulators.netty.HttpVersionRoutingHandler channelRead
INFO: Detected non-HTTP/2 connection.
 {"metadata":{"emulator":{"name":"firestore"},"message":"Nov 16, 2023 9:25:05 PM io.gapi.emulators.netty.HttpVersionRoutingHandler channelRead\nINFO: Detected non-HTTP/2 connection.\n"}}
[debug] [2023-11-16T21:25:31.066Z] Nov 16, 2023 9:25:31 PM io.gapi.emulators.netty.HttpVersionRoutingHandler channelRead
INFO: Detected non-HTTP/2 connection.
 {"metadata":{"emulator":{"name":"firestore"},"message":"Nov 16, 2023 9:25:31 PM io.gapi.emulators.netty.HttpVersionRoutingHandler channelRead\nINFO: Detected non-HTTP/2 connection.\n"}}
[debug] [2023-11-16T21:26:05.917Z] Nov 16, 2023 9:26:05 PM io.gapi.emulators.netty.HttpVersionRoutingHandler channelRead
INFO: Detected non-HTTP/2 connection.
 {"metadata":{"emulator":{"name":"firestore"},"message":"Nov 16, 2023 9:26:05 PM io.gapi.emulators.netty.HttpVersionRoutingHandler channelRead\nINFO: Detected non-HTTP/2 connection.\n"}}
[debug] [2023-11-16T21:26:31.091Z] Nov 16, 2023 9:26:31 PM io.gapi.emulators.netty.HttpVersionRoutingHandler channelRead
INFO: Detected non-HTTP/2 connection.
 {"metadata":{"emulator":{"name":"firestore"},"message":"Nov 16, 2023 9:26:31 PM io.gapi.emulators.netty.HttpVersionRoutingHandler channelRead\nINFO: Detected non-HTTP/2 connection.\n"}}
[debug] [2023-11-16T21:26:32.035Z] Nov 16, 2023 9:26:32 PM io.gapi.emulators.netty.HttpVersionRoutingHandler channelRead
INFO: Detected non-HTTP/2 connection.
 {"metadata":{"emulator":{"name":"firestore"},"message":"Nov 16, 2023 9:26:32 PM io.gapi.emulators.netty.HttpVersionRoutingHandler channelRead\nINFO: Detected non-HTTP/2 connection.\n"}}
[debug] [2023-11-16T21:26:32.066Z] Nov 16, 2023 9:26:32 PM io.gapi.emulators.netty.HttpVersionRoutingHandler channelRead
INFO: Detected non-HTTP/2 connection.
 {"metadata":{"emulator":{"name":"firestore"},"message":"Nov 16, 2023 9:26:32 PM io.gapi.emulators.netty.HttpVersionRoutingHandler channelRead\nINFO: Detected non-HTTP/2 connection.\n"}}
[debug] [2023-11-16T21:27:32.099Z] Nov 16, 2023 9:27:32 PM io.gapi.emulators.netty.HttpVersionRoutingHandler channelRead
INFO: Detected non-HTTP/2 connection.
 {"metadata":{"emulator":{"name":"firestore"},"message":"Nov 16, 2023 9:27:32 PM io.gapi.emulators.netty.HttpVersionRoutingHandler channelRead\nINFO: Detected non-HTTP/2 connection.\n"}}
[debug] [2023-11-16T21:27:46.536Z] Nov 16, 2023 9:27:46 PM io.gapi.emulators.netty.HttpVersionRoutingHandler channelRead
INFO: Detected non-HTTP/2 connection.
 {"metadata":{"emulator":{"name":"firestore"},"message":"Nov 16, 2023 9:27:46 PM io.gapi.emulators.netty.HttpVersionRoutingHandler channelRead\nINFO: Detected non-HTTP/2 connection.\n"}}
[debug] [2023-11-16T21:28:16.181Z] Nov 16, 2023 9:28:16 PM io.gapi.emulators.netty.HttpVersionRoutingHandler channelRead
INFO: Detected non-HTTP/2 connection.
 {"metadata":{"emulator":{"name":"firestore"},"message":"Nov 16, 2023 9:28:16 PM io.gapi.emulators.netty.HttpVersionRoutingHandler channelRead\nINFO: Detected non-HTTP/2 connection.\n"}}
[debug] [2023-11-16T21:28:16.200Z] Nov 16, 2023 9:28:16 PM io.gapi.emulators.netty.HttpVersionRoutingHandler channelRead
INFO: Detected non-HTTP/2 connection.
 {"metadata":{"emulator":{"name":"firestore"},"message":"Nov 16, 2023 9:28:16 PM io.gapi.emulators.netty.HttpVersionRoutingHandler channelRead\nINFO: Detected non-HTTP/2 connection.\n"}}
[debug] [2023-11-16T21:28:46.565Z] Nov 16, 2023 9:28:46 PM io.gapi.emulators.netty.HttpVersionRoutingHandler channelRead
INFO: Detected non-HTTP/2 connection.
 {"metadata":{"emulator":{"name":"firestore"},"message":"Nov 16, 2023 9:28:46 PM io.gapi.emulators.netty.HttpVersionRoutingHandler channelRead\nINFO: Detected non-HTTP/2 connection.\n"}}
[debug] [2023-11-16T21:29:16.234Z] Nov 16, 2023 9:29:16 PM io.gapi.emulators.netty.HttpVersionRoutingHandler channelRead
INFO: Detected non-HTTP/2 connection.
 {"metadata":{"emulator":{"name":"firestore"},"message":"Nov 16, 2023 9:29:16 PM io.gapi.emulators.netty.HttpVersionRoutingHandler channelRead\nINFO: Detected non-HTTP/2 connection.\n"}}
[debug] [2023-11-16T21:29:46.593Z] Nov 16, 2023 9:29:46 PM io.gapi.emulators.netty.HttpVersionRoutingHandler channelRead
INFO: Detected non-HTTP/2 connection.
 {"metadata":{"emulator":{"name":"firestore"},"message":"Nov 16, 2023 9:29:46 PM io.gapi.emulators.netty.HttpVersionRoutingHandler channelRead\nINFO: Detected non-HTTP/2 connection.\n"}}
[debug] [2023-11-16T21:30:16.262Z] Nov 16, 2023 9:30:16 PM io.gapi.emulators.netty.HttpVersionRoutingHandler channelRead
INFO: Detected non-HTTP/2 connection.
 {"metadata":{"emulator":{"name":"firestore"},"message":"Nov 16, 2023 9:30:16 PM io.gapi.emulators.netty.HttpVersionRoutingHandler channelRead\nINFO: Detected non-HTTP/2 connection.\n"}}
[debug] [2023-11-16T21:30:46.613Z] Nov 16, 2023 9:30:46 PM io.gapi.emulators.netty.HttpVersionRoutingHandler channelRead
INFO: Detected non-HTTP/2 connection.
 {"metadata":{"emulator":{"name":"firestore"},"message":"Nov 16, 2023 9:30:46 PM io.gapi.emulators.netty.HttpVersionRoutingHandler channelRead\nINFO: Detected non-HTTP/2 connection.\n"}}
[debug] [2023-11-16T21:31:10.824Z] Nov 16, 2023 9:31:10 PM io.gapi.emulators.netty.HttpVersionRoutingHandler channelRead
INFO: Detected non-HTTP/2 connection.
 {"metadata":{"emulator":{"name":"firestore"},"message":"Nov 16, 2023 9:31:10 PM io.gapi.emulators.netty.HttpVersionRoutingHandler channelRead\nINFO: Detected non-HTTP/2 connection.\n"}}
[debug] [2023-11-16T21:31:10.844Z] Nov 16, 2023 9:31:10 PM io.gapi.emulators.netty.HttpVersionRoutingHandler channelRead
INFO: Detected non-HTTP/2 connection.
 {"metadata":{"emulator":{"name":"firestore"},"message":"Nov 16, 2023 9:31:10 PM io.gapi.emulators.netty.HttpVersionRoutingHandler channelRead\nINFO: Detected non-HTTP/2 connection.\n"}}
[debug] [2023-11-16T21:31:23.259Z] Nov 16, 2023 9:31:23 PM io.gapi.emulators.netty.HttpVersionRoutingHandler channelRead
INFO: Detected non-HTTP/2 connection.
 {"metadata":{"emulator":{"name":"firestore"},"message":"Nov 16, 2023 9:31:23 PM io.gapi.emulators.netty.HttpVersionRoutingHandler channelRead\nINFO: Detected non-HTTP/2 connection.\n"}}
[debug] [2023-11-16T21:31:23.275Z] Nov 16, 2023 9:31:23 PM io.gapi.emulators.netty.HttpVersionRoutingHandler channelRead
INFO: Detected non-HTTP/2 connection.
 {"metadata":{"emulator":{"name":"firestore"},"message":"Nov 16, 2023 9:31:23 PM io.gapi.emulators.netty.HttpVersionRoutingHandler channelRead\nINFO: Detected non-HTTP/2 connection.\n"}}
[debug] [2023-11-16T21:31:46.650Z] Nov 16, 2023 9:31:46 PM io.gapi.emulators.netty.HttpVersionRoutingHandler channelRead
INFO: Detected non-HTTP/2 connection.
 {"metadata":{"emulator":{"name":"firestore"},"message":"Nov 16, 2023 9:31:46 PM io.gapi.emulators.netty.HttpVersionRoutingHandler channelRead\nINFO: Detected non-HTTP/2 connection.\n"}}
[debug] [2023-11-16T21:32:23.327Z] Nov 16, 2023 9:32:23 PM io.gapi.emulators.netty.HttpVersionRoutingHandler channelRead
INFO: Detected non-HTTP/2 connection.
 {"metadata":{"emulator":{"name":"firestore"},"message":"Nov 16, 2023 9:32:23 PM io.gapi.emulators.netty.HttpVersionRoutingHandler channelRead\nINFO: Detected non-HTTP/2 connection.\n"}}
[debug] [2023-11-16T21:32:46.688Z] Nov 16, 2023 9:32:46 PM io.gapi.emulators.netty.HttpVersionRoutingHandler channelRead
INFO: Detected non-HTTP/2 connection.
 {"metadata":{"emulator":{"name":"firestore"},"message":"Nov 16, 2023 9:32:46 PM io.gapi.emulators.netty.HttpVersionRoutingHandler channelRead\nINFO: Detected non-HTTP/2 connection.\n"}}
[debug] [2023-11-16T21:33:23.385Z] Nov 16, 2023 9:33:23 PM io.gapi.emulators.netty.HttpVersionRoutingHandler channelRead
INFO: Detected non-HTTP/2 connection.
 {"metadata":{"emulator":{"name":"firestore"},"message":"Nov 16, 2023 9:33:23 PM io.gapi.emulators.netty.HttpVersionRoutingHandler channelRead\nINFO: Detected non-HTTP/2 connection.\n"}}
[debug] [2023-11-16T21:33:46.725Z] Nov 16, 2023 9:33:46 PM io.gapi.emulators.netty.HttpVersionRoutingHandler channelRead
INFO: Detected non-HTTP/2 connection.
 {"metadata":{"emulator":{"name":"firestore"},"message":"Nov 16, 2023 9:33:46 PM io.gapi.emulators.netty.HttpVersionRoutingHandler channelRead\nINFO: Detected non-HTTP/2 connection.\n"}}
[debug] [2023-11-16T21:33:56.214Z] Nov 16, 2023 9:33:56 PM io.gapi.emulators.netty.HttpVersionRoutingHandler channelRead
INFO: Detected non-HTTP/2 connection.
 {"metadata":{"emulator":{"name":"firestore"},"message":"Nov 16, 2023 9:33:56 PM io.gapi.emulators.netty.HttpVersionRoutingHandler channelRead\nINFO: Detected non-HTTP/2 connection.\n"}}
[debug] [2023-11-16T21:33:56.238Z] Nov 16, 2023 9:33:56 PM io.gapi.emulators.netty.HttpVersionRoutingHandler channelRead
INFO: Detected non-HTTP/2 connection.
 {"metadata":{"emulator":{"name":"firestore"},"message":"Nov 16, 2023 9:33:56 PM io.gapi.emulators.netty.HttpVersionRoutingHandler channelRead\nINFO: Detected non-HTTP/2 connection.\n"}}
[debug] [2023-11-16T21:34:46.766Z] Nov 16, 2023 9:34:46 PM io.gapi.emulators.netty.HttpVersionRoutingHandler channelRead
INFO: Detected non-HTTP/2 connection.
 {"metadata":{"emulator":{"name":"firestore"},"message":"Nov 16, 2023 9:34:46 PM io.gapi.emulators.netty.HttpVersionRoutingHandler channelRead\nINFO: Detected non-HTTP/2 connection.\n"}}
[debug] [2023-11-16T21:34:56.260Z] Nov 16, 2023 9:34:56 PM io.gapi.emulators.netty.HttpVersionRoutingHandler channelRead
INFO: Detected non-HTTP/2 connection.
 {"metadata":{"emulator":{"name":"firestore"},"message":"Nov 16, 2023 9:34:56 PM io.gapi.emulators.netty.HttpVersionRoutingHandler channelRead\nINFO: Detected non-HTTP/2 connection.\n"}}
[debug] [2023-11-16T21:35:46.802Z] Nov 16, 2023 9:35:46 PM io.gapi.emulators.netty.HttpVersionRoutingHandler channelRead
INFO: Detected non-HTTP/2 connection.
 {"metadata":{"emulator":{"name":"firestore"},"message":"Nov 16, 2023 9:35:46 PM io.gapi.emulators.netty.HttpVersionRoutingHandler channelRead\nINFO: Detected non-HTTP/2 connection.\n"}}
[debug] [2023-11-16T21:35:55.351Z] Nov 16, 2023 9:35:55 PM io.gapi.emulators.netty.HttpVersionRoutingHandler channelRead
INFO: Detected non-HTTP/2 connection.
 {"metadata":{"emulator":{"name":"firestore"},"message":"Nov 16, 2023 9:35:55 PM io.gapi.emulators.netty.HttpVersionRoutingHandler channelRead\nINFO: Detected non-HTTP/2 connection.\n"}}
[debug] [2023-11-16T21:35:55.376Z] Nov 16, 2023 9:35:55 PM io.gapi.emulators.netty.HttpVersionRoutingHandler channelRead
INFO: Detected non-HTTP/2 connection.
 {"metadata":{"emulator":{"name":"firestore"},"message":"Nov 16, 2023 9:35:55 PM io.gapi.emulators.netty.HttpVersionRoutingHandler channelRead\nINFO: Detected non-HTTP/2 connection.\n"}}
[debug] [2023-11-16T21:36:06.398Z] Nov 16, 2023 9:36:06 PM io.gapi.emulators.netty.HttpVersionRoutingHandler channelRead
INFO: Detected non-HTTP/2 connection.
 {"metadata":{"emulator":{"name":"firestore"},"message":"Nov 16, 2023 9:36:06 PM io.gapi.emulators.netty.HttpVersionRoutingHandler channelRead\nINFO: Detected non-HTTP/2 connection.\n"}}
[debug] [2023-11-16T21:36:06.418Z] Nov 16, 2023 9:36:06 PM io.gapi.emulators.netty.HttpVersionRoutingHandler channelRead
INFO: Detected non-HTTP/2 connection.
 {"metadata":{"emulator":{"name":"firestore"},"message":"Nov 16, 2023 9:36:06 PM io.gapi.emulators.netty.HttpVersionRoutingHandler channelRead\nINFO: Detected non-HTTP/2 connection.\n"}}
[debug] [2023-11-16T21:36:46.840Z] Nov 16, 2023 9:36:46 PM io.gapi.emulators.netty.HttpVersionRoutingHandler channelRead
INFO: Detected non-HTTP/2 connection.
 {"metadata":{"emulator":{"name":"firestore"},"message":"Nov 16, 2023 9:36:46 PM io.gapi.emulators.netty.HttpVersionRoutingHandler channelRead\nINFO: Detected non-HTTP/2 connection.\n"}}
[debug] [2023-11-16T21:37:00.483Z] Nov 16, 2023 9:37:00 PM io.gapi.emulators.netty.HttpVersionRoutingHandler channelRead
INFO: Detected non-HTTP/2 connection.
 {"metadata":{"emulator":{"name":"firestore"},"message":"Nov 16, 2023 9:37:00 PM io.gapi.emulators.netty.HttpVersionRoutingHandler channelRead\nINFO: Detected non-HTTP/2 connection.\n"}}
[debug] [2023-11-16T21:37:00.499Z] Nov 16, 2023 9:37:00 PM io.gapi.emulators.netty.HttpVersionRoutingHandler channelRead
INFO: Detected non-HTTP/2 connection.
 {"metadata":{"emulator":{"name":"firestore"},"message":"Nov 16, 2023 9:37:00 PM io.gapi.emulators.netty.HttpVersionRoutingHandler channelRead\nINFO: Detected non-HTTP/2 connection.\n"}}
[debug] [2023-11-16T21:37:04.698Z] Nov 16, 2023 9:37:04 PM io.gapi.emulators.netty.HttpVersionRoutingHandler channelRead
INFO: Detected non-HTTP/2 connection.
 {"metadata":{"emulator":{"name":"firestore"},"message":"Nov 16, 2023 9:37:04 PM io.gapi.emulators.netty.HttpVersionRoutingHandler channelRead\nINFO: Detected non-HTTP/2 connection.\n"}}
[debug] [2023-11-16T21:37:04.711Z] Nov 16, 2023 9:37:04 PM io.gapi.emulators.netty.HttpVersionRoutingHandler channelRead
INFO: Detected non-HTTP/2 connection.
 {"metadata":{"emulator":{"name":"firestore"},"message":"Nov 16, 2023 9:37:04 PM io.gapi.emulators.netty.HttpVersionRoutingHandler channelRead\nINFO: Detected non-HTTP/2 connection.\n"}}
[debug] [2023-11-16T21:37:06.644Z] Nov 16, 2023 9:37:06 PM io.gapi.emulators.netty.HttpVersionRoutingHandler channelRead
INFO: Detected non-HTTP/2 connection.
 {"metadata":{"emulator":{"name":"firestore"},"message":"Nov 16, 2023 9:37:06 PM io.gapi.emulators.netty.HttpVersionRoutingHandler channelRead\nINFO: Detected non-HTTP/2 connection.\n"}}
[debug] [2023-11-16T21:37:06.655Z] Nov 16, 2023 9:37:06 PM io.gapi.emulators.netty.HttpVersionRoutingHandler channelRead
INFO: Detected non-HTTP/2 connection.
 {"metadata":{"emulator":{"name":"firestore"},"message":"Nov 16, 2023 9:37:06 PM io.gapi.emulators.netty.HttpVersionRoutingHandler channelRead\nINFO: Detected non-HTTP/2 connection.\n"}}
[debug] [2023-11-16T21:37:46.877Z] Nov 16, 2023 9:37:46 PM io.gapi.emulators.netty.HttpVersionRoutingHandler channelRead
INFO: Detected non-HTTP/2 connection.
 {"metadata":{"emulator":{"name":"firestore"},"message":"Nov 16, 2023 9:37:46 PM io.gapi.emulators.netty.HttpVersionRoutingHandler channelRead\nINFO: Detected non-HTTP/2 connection.\n"}}
[debug] [2023-11-16T21:38:06.682Z] Nov 16, 2023 9:38:06 PM io.gapi.emulators.netty.HttpVersionRoutingHandler channelRead
INFO: Detected non-HTTP/2 connection.
 {"metadata":{"emulator":{"name":"firestore"},"message":"Nov 16, 2023 9:38:06 PM io.gapi.emulators.netty.HttpVersionRoutingHandler channelRead\nINFO: Detected non-HTTP/2 connection.\n"}}
[debug] [2023-11-16T21:38:44.636Z] Nov 16, 2023 9:38:44 PM io.gapi.emulators.netty.HttpVersionRoutingHandler channelRead
INFO: Detected non-HTTP/2 connection.
 {"metadata":{"emulator":{"name":"firestore"},"message":"Nov 16, 2023 9:38:44 PM io.gapi.emulators.netty.HttpVersionRoutingHandler channelRead\nINFO: Detected non-HTTP/2 connection.\n"}}
[debug] [2023-11-16T21:38:44.926Z] Nov 16, 2023 9:38:44 PM io.gapi.emulators.netty.HttpVersionRoutingHandler channelRead
INFO: Detected non-HTTP/2 connection.
 {"metadata":{"emulator":{"name":"firestore"},"message":"Nov 16, 2023 9:38:44 PM io.gapi.emulators.netty.HttpVersionRoutingHandler channelRead\nINFO: Detected non-HTTP/2 connection.\n"}}
[debug] [2023-11-16T21:38:44.946Z] Nov 16, 2023 9:38:44 PM io.gapi.emulators.netty.HttpVersionRoutingHandler channelRead
INFO: Detected non-HTTP/2 connection.
 {"metadata":{"emulator":{"name":"firestore"},"message":"Nov 16, 2023 9:38:44 PM io.gapi.emulators.netty.HttpVersionRoutingHandler channelRead\nINFO: Detected non-HTTP/2 connection.\n"}}
[debug] [2023-11-16T21:38:46.912Z] Nov 16, 2023 9:38:46 PM io.gapi.emulators.netty.HttpVersionRoutingHandler channelRead
INFO: Detected non-HTTP/2 connection.
 {"metadata":{"emulator":{"name":"firestore"},"message":"Nov 16, 2023 9:38:46 PM io.gapi.emulators.netty.HttpVersionRoutingHandler channelRead\nINFO: Detected non-HTTP/2 connection.\n"}}
